# JRE version: OpenJDK Runtime Environment GraalVM CE 22.3.0 (17.0.5+8) (build 17.0.5+8-jvmci-22.3-b08)
# Java VM: OpenJDK 64-Bit Server VM GraalVM CE 22.3.0 (17.0.5+8-jvmci-22.3-b08, mixed mode, sharing, tiered, jvmci, jvmci compiler, compressed oops, compressed class ptrs, parallel gc, linux-amd64)
GC Precious Log:
 CPUs: 8 total, 1 available
 Memory: 1024M
 Large Page Support: Disabled
 NUMA Support: Disabled
 Compressed Oops: Enabled (32-bit)
 Alignments: Space 512K, Generation 512K, Heap 2M
 Heap Min Capacity: 100M
 Heap Initial Capacity: 100M
 Heap Max Capacity: 512M
 Pre-touch: Disabled
 Parallel Workers: 1
Heap:
 PSYoungGen      total 82944K, used 51712K [0x00000000f5580000, 0x00000000fca00000, 0x0000000100000000)
  eden space 51712K, 100% used [0x00000000f5580000,0x00000000f8800000,0x00000000f8800000)
  from space 31232K, 0% used [0x00000000fa900000,0x00000000fa900000,0x00000000fc780000)
  to   space 32768K, 0% used [0x00000000f8800000,0x00000000f8800000,0x00000000fa800000)
 ParOldGen       total 349696K, used 349696K [0x00000000e0000000, 0x00000000f5580000, 0x00000000f5580000)
  object space 349696K, 100% used [0x00000000e0000000,0x00000000f5580000,0x00000000f5580000)
 Metaspace       used 56832K, committed 57792K, reserved 1105920K
  class space    used 5402K, committed 5824K, reserved 1048576K
GC Heap History (20 events):
Event: 1345.997 GC heap before
{Heap before GC invocations=1046 (full 965):
 PSYoungGen      total 82944K, used 51712K [0x00000000f5580000, 0x00000000fca00000, 0x0000000100000000)
  eden space 51712K, 100% used [0x00000000f5580000,0x00000000f8800000,0x00000000f8800000)
  from space 31232K, 0% used [0x00000000fa900000,0x00000000fa900000,0x00000000fc780000)
  to   space 32768K, 0% used [0x00000000f8800000,0x00000000f8800000,0x00000000fa800000)
 ParOldGen       total 349696K, used 349695K [0x00000000e0000000, 0x00000000f5580000, 0x00000000f5580000)
  object space 349696K, 99% used [0x00000000e0000000,0x00000000f557fc80,0x00000000f5580000)
 Metaspace       used 56832K, committed 57792K, reserved 1105920K
  class space    used 5402K, committed 5824K, reserved 1048576K
}
Event: 1347.523 GC heap after
{Heap after GC invocations=1046 (full 965):
 PSYoungGen      total 84480K, used 51711K [0x00000000f5580000, 0x00000000fca00000, 0x0000000100000000)
  eden space 51712K, 99% used [0x00000000f5580000,0x00000000f87fffd0,0x00000000f8800000)
  from space 32768K, 0% used [0x00000000f8800000,0x00000000f8800000,0x00000000fa800000)
  to   space 31232K, 0% used [0x00000000fa900000,0x00000000fa900000,0x00000000fc780000)
 ParOldGen       total 349696K, used 349695K [0x00000000e0000000, 0x00000000f5580000, 0x00000000f5580000)
  object space 349696K, 99% used [0x00000000e0000000,0x00000000f557fc60,0x00000000f5580000)
 Metaspace       used 56832K, committed 57792K, reserved 1105920K
  class space    used 5402K, committed 5824K, reserved 1048576K
}
Event: 1347.528 GC heap before
{Heap before GC invocations=1047 (full 966):
 PSYoungGen      total 84480K, used 51712K [0x00000000f5580000, 0x00000000fca00000, 0x0000000100000000)
  eden space 51712K, 100% used [0x00000000f5580000,0x00000000f8800000,0x00000000f8800000)
  from space 32768K, 0% used [0x00000000f8800000,0x00000000f8800000,0x00000000fa800000)
  to   space 31232K, 0% used [0x00000000fa900000,0x00000000fa900000,0x00000000fc780000)
 ParOldGen       total 349696K, used 349695K [0x00000000e0000000, 0x00000000f5580000, 0x00000000f5580000)
  object space 349696K, 99% used [0x00000000e0000000,0x00000000f557fc60,0x00000000f5580000)
 Metaspace       used 56832K, committed 57792K, reserved 1105920K
  class space    used 5402K, committed 5824K, reserved 1048576K
}
Event: 1349.099 GC heap after
{Heap after GC invocations=1047 (full 966):
 PSYoungGen      total 82944K, used 51712K [0x00000000f5580000, 0x00000000fca00000, 0x0000000100000000)
  eden space 51712K, 100% used [0x00000000f5580000,0x00000000f8800000,0x00000000f8800000)
  from space 31232K, 0% used [0x00000000fa900000,0x00000000fa900000,0x00000000fc780000)
  to   space 32768K, 0% used [0x00000000f8800000,0x00000000f8800000,0x00000000fa800000)
 ParOldGen       total 349696K, used 349695K [0x00000000e0000000, 0x00000000f5580000, 0x00000000f5580000)
  object space 349696K, 99% used [0x00000000e0000000,0x00000000f557fc60,0x00000000f5580000)
 Metaspace       used 56832K, committed 57792K, reserved 1105920K
  class space    used 5402K, committed 5824K, reserved 1048576K
}
Event: 1349.101 GC heap before
{Heap before GC invocations=1048 (full 967):
 PSYoungGen      total 82944K, used 51712K [0x00000000f5580000, 0x00000000fca00000, 0x0000000100000000)
  eden space 51712K, 100% used [0x00000000f5580000,0x00000000f8800000,0x00000000f8800000)
  from space 31232K, 0% used [0x00000000fa900000,0x00000000fa900000,0x00000000fc780000)
  to   space 32768K, 0% used [0x00000000f8800000,0x00000000f8800000,0x00000000fa800000)
 ParOldGen       total 349696K, used 349695K [0x00000000e0000000, 0x00000000f5580000, 0x00000000f5580000)
  object space 349696K, 99% used [0x00000000e0000000,0x00000000f557fff0,0x00000000f5580000)
 Metaspace       used 56832K, committed 57792K, reserved 1105920K
  class space    used 5402K, committed 5824K, reserved 1048576K
}
Event: 1350.552 GC heap after
{Heap after GC invocations=1048 (full 967):
 PSYoungGen      total 84480K, used 51711K [0x00000000f5580000, 0x00000000fca00000, 0x0000000100000000)
  eden space 51712K, 99% used [0x00000000f5580000,0x00000000f87fffa0,0x00000000f8800000)
  from space 32768K, 0% used [0x00000000f8800000,0x00000000f8800000,0x00000000fa800000)
  to   space 31232K, 0% used [0x00000000fa900000,0x00000000fa900000,0x00000000fc780000)
 ParOldGen       total 349696K, used 349695K [0x00000000e0000000, 0x00000000f5580000, 0x00000000f5580000)
  object space 349696K, 99% used [0x00000000e0000000,0x00000000f557ffd0,0x00000000f5580000)
 Metaspace       used 56832K, committed 57792K, reserved 1105920K
  class space    used 5402K, committed 5824K, reserved 1048576K
}
Event: 1350.552 GC heap before
{Heap before GC invocations=1049 (full 968):
 PSYoungGen      total 84480K, used 51712K [0x00000000f5580000, 0x00000000fca00000, 0x0000000100000000)
  eden space 51712K, 100% used [0x00000000f5580000,0x00000000f8800000,0x00000000f8800000)
  from space 32768K, 0% used [0x00000000f8800000,0x00000000f8800000,0x00000000fa800000)
  to   space 31232K, 0% used [0x00000000fa900000,0x00000000fa900000,0x00000000fc780000)
 ParOldGen       total 349696K, used 349695K [0x00000000e0000000, 0x00000000f5580000, 0x00000000f5580000)
  object space 349696K, 99% used [0x00000000e0000000,0x00000000f557ffd0,0x00000000f5580000)
 Metaspace       used 56832K, committed 57792K, reserved 1105920K
  class space    used 5402K, committed 5824K, reserved 1048576K
}
Event: 1351.903 GC heap after
{Heap after GC invocations=1049 (full 968):
 PSYoungGen      total 82944K, used 51712K [0x00000000f5580000, 0x00000000fca00000, 0x0000000100000000)
  eden space 51712K, 100% used [0x00000000f5580000,0x00000000f8800000,0x00000000f8800000)
  from space 31232K, 0% used [0x00000000fa900000,0x00000000fa900000,0x00000000fc780000)
  to   space 32768K, 0% used [0x00000000f8800000,0x00000000f8800000,0x00000000fa800000)
 ParOldGen       total 349696K, used 349695K [0x00000000e0000000, 0x00000000f5580000, 0x00000000f5580000)
  object space 349696K, 99% used [0x00000000e0000000,0x00000000f557ffd0,0x00000000f5580000)
 Metaspace       used 56832K, committed 57792K, reserved 1105920K
  class space    used 5402K, committed 5824K, reserved 1048576K
}
Event: 1351.903 GC heap before
{Heap before GC invocations=1050 (full 969):
 PSYoungGen      total 82944K, used 51712K [0x00000000f5580000, 0x00000000fca00000, 0x0000000100000000)
  eden space 51712K, 100% used [0x00000000f5580000,0x00000000f8800000,0x00000000f8800000)
  from space 31232K, 0% used [0x00000000fa900000,0x00000000fa900000,0x00000000fc780000)
  to   space 32768K, 0% used [0x00000000f8800000,0x00000000f8800000,0x00000000fa800000)
 ParOldGen       total 349696K, used 349696K [0x00000000e0000000, 0x00000000f5580000, 0x00000000f5580000)
  object space 349696K, 100% used [0x00000000e0000000,0x00000000f5580000,0x00000000f5580000)
 Metaspace       used 56832K, committed 57792K, reserved 1105920K
  class space    used 5402K, committed 5824K, reserved 1048576K
}
Event: 1353.299 GC heap after
{Heap after GC invocations=1050 (full 969):
 PSYoungGen      total 84480K, used 51712K [0x00000000f5580000, 0x00000000fca00000, 0x0000000100000000)
  eden space 51712K, 100% used [0x00000000f5580000,0x00000000f8800000,0x00000000f8800000)
  from space 32768K, 0% used [0x00000000f8800000,0x00000000f8800000,0x00000000fa800000)
  to   space 31232K, 0% used [0x00000000fa900000,0x00000000fa900000,0x00000000fc780000)
 ParOldGen       total 349696K, used 349696K [0x00000000e0000000, 0x00000000f5580000, 0x00000000f5580000)
  object space 349696K, 100% used [0x00000000e0000000,0x00000000f5580000,0x00000000f5580000)
 Metaspace       used 56832K, committed 57792K, reserved 1105920K
  class space    used 5402K, committed 5824K, reserved 1048576K
}
Event: 1353.299 GC heap before
{Heap before GC invocations=1051 (full 970):
 PSYoungGen      total 84480K, used 51712K [0x00000000f5580000, 0x00000000fca00000, 0x0000000100000000)
  eden space 51712K, 100% used [0x00000000f5580000,0x00000000f8800000,0x00000000f8800000)
  from space 32768K, 0% used [0x00000000f8800000,0x00000000f8800000,0x00000000fa800000)
  to   space 31232K, 0% used [0x00000000fa900000,0x00000000fa900000,0x00000000fc780000)
 ParOldGen       total 349696K, used 349696K [0x00000000e0000000, 0x00000000f5580000, 0x00000000f5580000)
  object space 349696K, 100% used [0x00000000e0000000,0x00000000f5580000,0x00000000f5580000)
 Metaspace       used 56832K, committed 57792K, reserved 1105920K
  class space    used 5402K, committed 5824K, reserved 1048576K
}
Event: 1354.586 GC heap after
{Heap after GC invocations=1051 (full 970):
 PSYoungGen      total 82944K, used 51712K [0x00000000f5580000, 0x00000000fca00000, 0x0000000100000000)
  eden space 51712K, 100% used [0x00000000f5580000,0x00000000f8800000,0x00000000f8800000)
  from space 31232K, 0% used [0x00000000fa900000,0x00000000fa900000,0x00000000fc780000)
  to   space 32768K, 0% used [0x00000000f8800000,0x00000000f8800000,0x00000000fa800000)
 ParOldGen       total 349696K, used 349696K [0x00000000e0000000, 0x00000000f5580000, 0x00000000f5580000)
  object space 349696K, 100% used [0x00000000e0000000,0x00000000f5580000,0x00000000f5580000)
 Metaspace       used 56832K, committed 57792K, reserved 1105920K
  class space    used 5402K, committed 5824K, reserved 1048576K
}
Event: 1354.587 GC heap before
{Heap before GC invocations=1052 (full 971):
 PSYoungGen      total 82944K, used 51712K [0x00000000f5580000, 0x00000000fca00000, 0x0000000100000000)
  eden space 51712K, 100% used [0x00000000f5580000,0x00000000f8800000,0x00000000f8800000)
  from space 31232K, 0% used [0x00000000fa900000,0x00000000fa900000,0x00000000fc780000)
  to   space 32768K, 0% used [0x00000000f8800000,0x00000000f8800000,0x00000000fa800000)
 ParOldGen       total 349696K, used 349696K [0x00000000e0000000, 0x00000000f5580000, 0x00000000f5580000)
  object space 349696K, 100% used [0x00000000e0000000,0x00000000f5580000,0x00000000f5580000)
 Metaspace       used 56832K, committed 57792K, reserved 1105920K
  class space    used 5402K, committed 5824K, reserved 1048576K
}
Event: 1355.890 GC heap after
{Heap after GC invocations=1052 (full 971):
 PSYoungGen      total 84480K, used 51712K [0x00000000f5580000, 0x00000000fca00000, 0x0000000100000000)
  eden space 51712K, 100% used [0x00000000f5580000,0x00000000f8800000,0x00000000f8800000)
  from space 32768K, 0% used [0x00000000f8800000,0x00000000f8800000,0x00000000fa800000)
  to   space 31232K, 0% used [0x00000000fa900000,0x00000000fa900000,0x00000000fc780000)
 ParOldGen       total 349696K, used 349696K [0x00000000e0000000, 0x00000000f5580000, 0x00000000f5580000)
  object space 349696K, 100% used [0x00000000e0000000,0x00000000f5580000,0x00000000f5580000)
 Metaspace       used 56832K, committed 57792K, reserved 1105920K
  class space    used 5402K, committed 5824K, reserved 1048576K
}
Event: 1355.890 GC heap before
{Heap before GC invocations=1053 (full 972):
 PSYoungGen      total 84480K, used 51712K [0x00000000f5580000, 0x00000000fca00000, 0x0000000100000000)
  eden space 51712K, 100% used [0x00000000f5580000,0x00000000f8800000,0x00000000f8800000)
  from space 32768K, 0% used [0x00000000f8800000,0x00000000f8800000,0x00000000fa800000)
  to   space 31232K, 0% used [0x00000000fa900000,0x00000000fa900000,0x00000000fc780000)
 ParOldGen       total 349696K, used 349696K [0x00000000e0000000, 0x00000000f5580000, 0x00000000f5580000)
  object space 349696K, 100% used [0x00000000e0000000,0x00000000f5580000,0x00000000f5580000)
 Metaspace       used 56832K, committed 57792K, reserved 1105920K
  class space    used 5402K, committed 5824K, reserved 1048576K
}
Event: 1357.114 GC heap after
{Heap after GC invocations=1053 (full 972):
 PSYoungGen      total 82944K, used 51712K [0x00000000f5580000, 0x00000000fca00000, 0x0000000100000000)
  eden space 51712K, 100% used [0x00000000f5580000,0x00000000f8800000,0x00000000f8800000)
  from space 31232K, 0% used [0x00000000fa900000,0x00000000fa900000,0x00000000fc780000)
  to   space 32768K, 0% used [0x00000000f8800000,0x00000000f8800000,0x00000000fa800000)
 ParOldGen       total 349696K, used 349696K [0x00000000e0000000, 0x00000000f5580000, 0x00000000f5580000)
  object space 349696K, 100% used [0x00000000e0000000,0x00000000f5580000,0x00000000f5580000)
 Metaspace       used 56832K, committed 57792K, reserved 1105920K
  class space    used 5402K, committed 5824K, reserved 1048576K
}
Event: 1357.114 GC heap before
{Heap before GC invocations=1054 (full 973):
 PSYoungGen      total 82944K, used 51712K [0x00000000f5580000, 0x00000000fca00000, 0x0000000100000000)
  eden space 51712K, 100% used [0x00000000f5580000,0x00000000f8800000,0x00000000f8800000)
  from space 31232K, 0% used [0x00000000fa900000,0x00000000fa900000,0x00000000fc780000)
  to   space 32768K, 0% used [0x00000000f8800000,0x00000000f8800000,0x00000000fa800000)
 ParOldGen       total 349696K, used 349696K [0x00000000e0000000, 0x00000000f5580000, 0x00000000f5580000)
  object space 349696K, 100% used [0x00000000e0000000,0x00000000f5580000,0x00000000f5580000)
 Metaspace       used 56832K, committed 57792K, reserved 1105920K
  class space    used 5402K, committed 5824K, reserved 1048576K
}
Event: 1358.391 GC heap after
{Heap after GC invocations=1054 (full 973):
 PSYoungGen      total 84480K, used 51712K [0x00000000f5580000, 0x00000000fca00000, 0x0000000100000000)
  eden space 51712K, 100% used [0x00000000f5580000,0x00000000f8800000,0x00000000f8800000)
  from space 32768K, 0% used [0x00000000f8800000,0x00000000f8800000,0x00000000fa800000)
  to   space 31232K, 0% used [0x00000000fa900000,0x00000000fa900000,0x00000000fc780000)
 ParOldGen       total 349696K, used 349696K [0x00000000e0000000, 0x00000000f5580000, 0x00000000f5580000)
  object space 349696K, 100% used [0x00000000e0000000,0x00000000f5580000,0x00000000f5580000)
 Metaspace       used 56832K, committed 57792K, reserved 1105920K
  class space    used 5402K, committed 5824K, reserved 1048576K
}
Event: 1358.391 GC heap before
{Heap before GC invocations=1055 (full 974):
 PSYoungGen      total 84480K, used 51712K [0x00000000f5580000, 0x00000000fca00000, 0x0000000100000000)
  eden space 51712K, 100% used [0x00000000f5580000,0x00000000f8800000,0x00000000f8800000)
  from space 32768K, 0% used [0x00000000f8800000,0x00000000f8800000,0x00000000fa800000)
  to   space 31232K, 0% used [0x00000000fa900000,0x00000000fa900000,0x00000000fc780000)
 ParOldGen       total 349696K, used 349696K [0x00000000e0000000, 0x00000000f5580000, 0x00000000f5580000)
  object space 349696K, 100% used [0x00000000e0000000,0x00000000f5580000,0x00000000f5580000)
 Metaspace       used 56832K, committed 57792K, reserved 1105920K
  class space    used 5402K, committed 5824K, reserved 1048576K
}
Event: 1359.708 GC heap after
{Heap after GC invocations=1055 (full 974):
 PSYoungGen      total 82944K, used 51712K [0x00000000f5580000, 0x00000000fca00000, 0x0000000100000000)
  eden space 51712K, 100% used [0x00000000f5580000,0x00000000f8800000,0x00000000f8800000)
  from space 31232K, 0% used [0x00000000fa900000,0x00000000fa900000,0x00000000fc780000)
  to   space 32768K, 0% used [0x00000000f8800000,0x00000000f8800000,0x00000000fa800000)
 ParOldGen       total 349696K, used 349696K [0x00000000e0000000, 0x00000000f5580000, 0x00000000f5580000)
  object space 349696K, 100% used [0x00000000e0000000,0x00000000f5580000,0x00000000f5580000)
 Metaspace       used 56832K, committed 57792K, reserved 1105920K
  class space    used 5402K, committed 5824K, reserved 1048576K
}

