# JRE version: OpenJDK Runtime Environment GraalVM CE 22.3.0 (17.0.5+8) (build 17.0.5+8-jvmci-22.3-b08)
# Java VM: OpenJDK 64-Bit Server VM GraalVM CE 22.3.0 (17.0.5+8-jvmci-22.3-b08, mixed mode, sharing, tiered, jvmci, jvmci compiler, compressed oops, compressed class ptrs, parallel gc, linux-amd64)
GC Precious Log:
 CPUs: 8 total, 1 available
 Memory: 1024M
 Large Page Support: Disabled
 NUMA Support: Disabled
 Compressed Oops: Enabled (32-bit)
 Alignments: Space 512K, Generation 512K, Heap 2M
 Heap Min Capacity: 100M
 Heap Initial Capacity: 100M
 Heap Max Capacity: 512M
 Pre-touch: Disabled
 Parallel Workers: 1
Heap:
 PSYoungGen      total 41984K, used 27136K [0x00000000f5580000, 0x00000000f9180000, 0x0000000100000000)
  eden space 27136K, 100% used [0x00000000f5580000,0x00000000f7000000,0x00000000f7000000)
  from space 14848K, 0% used [0x00000000f8300000,0x00000000f8300000,0x00000000f9180000)
  to   space 11264K, 0% used [0x00000000f7000000,0x00000000f7000000,0x00000000f7b00000)
 ParOldGen       total 349696K, used 349696K [0x00000000e0000000, 0x00000000f5580000, 0x00000000f5580000)
  object space 349696K, 100% used [0x00000000e0000000,0x00000000f5580000,0x00000000f5580000)
 Metaspace       used 60779K, committed 61888K, reserved 1105920K
  class space    used 5956K, committed 6400K, reserved 1048576K
GC Heap History (20 events):
Event: 383.497 GC heap before
{Heap before GC invocations=380 (full 268):
 PSYoungGen      total 41984K, used 27135K [0x00000000f5580000, 0x00000000f9180000, 0x0000000100000000)
  eden space 27136K, 99% used [0x00000000f5580000,0x00000000f6ffff78,0x00000000f7000000)
  from space 14848K, 0% used [0x00000000f8300000,0x00000000f8300000,0x00000000f9180000)
  to   space 11264K, 0% used [0x00000000f7000000,0x00000000f7000000,0x00000000f7b00000)
 ParOldGen       total 349696K, used 349695K [0x00000000e0000000, 0x00000000f5580000, 0x00000000f5580000)
  object space 349696K, 99% used [0x00000000e0000000,0x00000000f557fd58,0x00000000f5580000)
 Metaspace       used 60779K, committed 61888K, reserved 1105920K
  class space    used 5956K, committed 6400K, reserved 1048576K
}
Event: 384.673 GC heap after
{Heap after GC invocations=380 (full 268):
 PSYoungGen      total 38400K, used 27135K [0x00000000f5580000, 0x00000000f9180000, 0x0000000100000000)
  eden space 27136K, 99% used [0x00000000f5580000,0x00000000f6ffff78,0x00000000f7000000)
  from space 11264K, 0% used [0x00000000f7000000,0x00000000f7000000,0x00000000f7b00000)
  to   space 14848K, 0% used [0x00000000f8300000,0x00000000f8300000,0x00000000f9180000)
 ParOldGen       total 349696K, used 349695K [0x00000000e0000000, 0x00000000f5580000, 0x00000000f5580000)
  object space 349696K, 99% used [0x00000000e0000000,0x00000000f557fd58,0x00000000f5580000)
 Metaspace       used 60779K, committed 61888K, reserved 1105920K
  class space    used 5956K, committed 6400K, reserved 1048576K
}
Event: 384.674 GC heap before
{Heap before GC invocations=381 (full 269):
 PSYoungGen      total 38400K, used 27135K [0x00000000f5580000, 0x00000000f9180000, 0x0000000100000000)
  eden space 27136K, 99% used [0x00000000f5580000,0x00000000f6fffff8,0x00000000f7000000)
  from space 11264K, 0% used [0x00000000f7000000,0x00000000f7000000,0x00000000f7b00000)
  to   space 14848K, 0% used [0x00000000f8300000,0x00000000f8300000,0x00000000f9180000)
 ParOldGen       total 349696K, used 349695K [0x00000000e0000000, 0x00000000f5580000, 0x00000000f5580000)
  object space 349696K, 99% used [0x00000000e0000000,0x00000000f557fd58,0x00000000f5580000)
 Metaspace       used 60779K, committed 61888K, reserved 1105920K
  class space    used 5956K, committed 6400K, reserved 1048576K
}
Event: 385.985 GC heap after
{Heap after GC invocations=381 (full 269):
 PSYoungGen      total 41984K, used 27135K [0x00000000f5580000, 0x00000000f9180000, 0x0000000100000000)
  eden space 27136K, 99% used [0x00000000f5580000,0x00000000f6ffff78,0x00000000f7000000)
  from space 14848K, 0% used [0x00000000f8300000,0x00000000f8300000,0x00000000f9180000)
  to   space 11264K, 0% used [0x00000000f7000000,0x00000000f7000000,0x00000000f7b00000)
 ParOldGen       total 349696K, used 349693K [0x00000000e0000000, 0x00000000f5580000, 0x00000000f5580000)
  object space 349696K, 99% used [0x00000000e0000000,0x00000000f557f7b8,0x00000000f5580000)
 Metaspace       used 60779K, committed 61888K, reserved 1105920K
  class space    used 5956K, committed 6400K, reserved 1048576K
}
Event: 385.985 GC heap before
{Heap before GC invocations=382 (full 270):
 PSYoungGen      total 41984K, used 27135K [0x00000000f5580000, 0x00000000f9180000, 0x0000000100000000)
  eden space 27136K, 99% used [0x00000000f5580000,0x00000000f6fffff8,0x00000000f7000000)
  from space 14848K, 0% used [0x00000000f8300000,0x00000000f8300000,0x00000000f9180000)
  to   space 11264K, 0% used [0x00000000f7000000,0x00000000f7000000,0x00000000f7b00000)
 ParOldGen       total 349696K, used 349694K [0x00000000e0000000, 0x00000000f5580000, 0x00000000f5580000)
  object space 349696K, 99% used [0x00000000e0000000,0x00000000f557fb80,0x00000000f5580000)
 Metaspace       used 60779K, committed 61888K, reserved 1105920K
  class space    used 5956K, committed 6400K, reserved 1048576K
}
Event: 387.212 GC heap after
{Heap after GC invocations=382 (full 270):
 PSYoungGen      total 38400K, used 27135K [0x00000000f5580000, 0x00000000f9180000, 0x0000000100000000)
  eden space 27136K, 99% used [0x00000000f5580000,0x00000000f6fffff8,0x00000000f7000000)
  from space 11264K, 0% used [0x00000000f7000000,0x00000000f7000000,0x00000000f7b00000)
  to   space 14848K, 0% used [0x00000000f8300000,0x00000000f8300000,0x00000000f9180000)
 ParOldGen       total 349696K, used 349694K [0x00000000e0000000, 0x00000000f5580000, 0x00000000f5580000)
  object space 349696K, 99% used [0x00000000e0000000,0x00000000f557fa70,0x00000000f5580000)
 Metaspace       used 60779K, committed 61888K, reserved 1105920K
  class space    used 5956K, committed 6400K, reserved 1048576K
}
Event: 387.212 GC heap before
{Heap before GC invocations=383 (full 271):
 PSYoungGen      total 38400K, used 27135K [0x00000000f5580000, 0x00000000f9180000, 0x0000000100000000)
  eden space 27136K, 99% used [0x00000000f5580000,0x00000000f6fffff8,0x00000000f7000000)
  from space 11264K, 0% used [0x00000000f7000000,0x00000000f7000000,0x00000000f7b00000)
  to   space 14848K, 0% used [0x00000000f8300000,0x00000000f8300000,0x00000000f9180000)
 ParOldGen       total 349696K, used 349695K [0x00000000e0000000, 0x00000000f5580000, 0x00000000f5580000)
  object space 349696K, 99% used [0x00000000e0000000,0x00000000f557fff0,0x00000000f5580000)
 Metaspace       used 60779K, committed 61888K, reserved 1105920K
  class space    used 5956K, committed 6400K, reserved 1048576K
}
Event: 388.485 GC heap after
{Heap after GC invocations=383 (full 271):
 PSYoungGen      total 41984K, used 27135K [0x00000000f5580000, 0x00000000f9180000, 0x0000000100000000)
  eden space 27136K, 99% used [0x00000000f5580000,0x00000000f6ffff98,0x00000000f7000000)
  from space 14848K, 0% used [0x00000000f8300000,0x00000000f8300000,0x00000000f9180000)
  to   space 11264K, 0% used [0x00000000f7000000,0x00000000f7000000,0x00000000f7b00000)
 ParOldGen       total 349696K, used 349695K [0x00000000e0000000, 0x00000000f5580000, 0x00000000f5580000)
  object space 349696K, 99% used [0x00000000e0000000,0x00000000f557fec8,0x00000000f5580000)
 Metaspace       used 60779K, committed 61888K, reserved 1105920K
  class space    used 5956K, committed 6400K, reserved 1048576K
}
Event: 388.485 GC heap before
{Heap before GC invocations=384 (full 272):
 PSYoungGen      total 41984K, used 27136K [0x00000000f5580000, 0x00000000f9180000, 0x0000000100000000)
  eden space 27136K, 100% used [0x00000000f5580000,0x00000000f7000000,0x00000000f7000000)
  from space 14848K, 0% used [0x00000000f8300000,0x00000000f8300000,0x00000000f9180000)
  to   space 11264K, 0% used [0x00000000f7000000,0x00000000f7000000,0x00000000f7b00000)
 ParOldGen       total 349696K, used 349695K [0x00000000e0000000, 0x00000000f5580000, 0x00000000f5580000)
  object space 349696K, 99% used [0x00000000e0000000,0x00000000f557fec8,0x00000000f5580000)
 Metaspace       used 60779K, committed 61888K, reserved 1105920K
  class space    used 5956K, committed 6400K, reserved 1048576K
}
Event: 389.568 GC heap after
{Heap after GC invocations=384 (full 272):
 PSYoungGen      total 38400K, used 27136K [0x00000000f5580000, 0x00000000f9180000, 0x0000000100000000)
  eden space 27136K, 100% used [0x00000000f5580000,0x00000000f7000000,0x00000000f7000000)
  from space 11264K, 0% used [0x00000000f7000000,0x00000000f7000000,0x00000000f7b00000)
  to   space 14848K, 0% used [0x00000000f8300000,0x00000000f8300000,0x00000000f9180000)
 ParOldGen       total 349696K, used 349695K [0x00000000e0000000, 0x00000000f5580000, 0x00000000f5580000)
  object space 349696K, 99% used [0x00000000e0000000,0x00000000f557fe98,0x00000000f5580000)
 Metaspace       used 60779K, committed 61888K, reserved 1105920K
  class space    used 5956K, committed 6400K, reserved 1048576K
}
Event: 389.568 GC heap before
{Heap before GC invocations=385 (full 273):
 PSYoungGen      total 38400K, used 27136K [0x00000000f5580000, 0x00000000f9180000, 0x0000000100000000)
  eden space 27136K, 100% used [0x00000000f5580000,0x00000000f7000000,0x00000000f7000000)
  from space 11264K, 0% used [0x00000000f7000000,0x00000000f7000000,0x00000000f7b00000)
  to   space 14848K, 0% used [0x00000000f8300000,0x00000000f8300000,0x00000000f9180000)
 ParOldGen       total 349696K, used 349696K [0x00000000e0000000, 0x00000000f5580000, 0x00000000f5580000)
  object space 349696K, 100% used [0x00000000e0000000,0x00000000f5580000,0x00000000f5580000)
 Metaspace       used 60779K, committed 61888K, reserved 1105920K
  class space    used 5956K, committed 6400K, reserved 1048576K
}
Event: 390.586 GC heap after
{Heap after GC invocations=385 (full 273):
 PSYoungGen      total 41984K, used 27135K [0x00000000f5580000, 0x00000000f9180000, 0x0000000100000000)
  eden space 27136K, 99% used [0x00000000f5580000,0x00000000f6ffffe8,0x00000000f7000000)
  from space 14848K, 0% used [0x00000000f8300000,0x00000000f8300000,0x00000000f9180000)
  to   space 11264K, 0% used [0x00000000f7000000,0x00000000f7000000,0x00000000f7b00000)
 ParOldGen       total 349696K, used 349695K [0x00000000e0000000, 0x00000000f5580000, 0x00000000f5580000)
  object space 349696K, 99% used [0x00000000e0000000,0x00000000f557ffd0,0x00000000f5580000)
 Metaspace       used 60779K, committed 61888K, reserved 1105920K
  class space    used 5956K, committed 6400K, reserved 1048576K
}
Event: 390.587 GC heap before
{Heap before GC invocations=386 (full 274):
 PSYoungGen      total 41984K, used 27136K [0x00000000f5580000, 0x00000000f9180000, 0x0000000100000000)
  eden space 27136K, 100% used [0x00000000f5580000,0x00000000f7000000,0x00000000f7000000)
  from space 14848K, 0% used [0x00000000f8300000,0x00000000f8300000,0x00000000f9180000)
  to   space 11264K, 0% used [0x00000000f7000000,0x00000000f7000000,0x00000000f7b00000)
 ParOldGen       total 349696K, used 349695K [0x00000000e0000000, 0x00000000f5580000, 0x00000000f5580000)
  object space 349696K, 99% used [0x00000000e0000000,0x00000000f557ffd0,0x00000000f5580000)
 Metaspace       used 60779K, committed 61888K, reserved 1105920K
  class space    used 5956K, committed 6400K, reserved 1048576K
}
Event: 391.700 GC heap after
{Heap after GC invocations=386 (full 274):
 PSYoungGen      total 38400K, used 27136K [0x00000000f5580000, 0x00000000f9180000, 0x0000000100000000)
  eden space 27136K, 100% used [0x00000000f5580000,0x00000000f7000000,0x00000000f7000000)
  from space 11264K, 0% used [0x00000000f7000000,0x00000000f7000000,0x00000000f7b00000)
  to   space 14848K, 0% used [0x00000000f8300000,0x00000000f8300000,0x00000000f9180000)
 ParOldGen       total 349696K, used 349695K [0x00000000e0000000, 0x00000000f5580000, 0x00000000f5580000)
  object space 349696K, 99% used [0x00000000e0000000,0x00000000f557ffd0,0x00000000f5580000)
 Metaspace       used 60779K, committed 61888K, reserved 1105920K
  class space    used 5956K, committed 6400K, reserved 1048576K
}
Event: 391.701 GC heap before
{Heap before GC invocations=387 (full 275):
 PSYoungGen      total 38400K, used 27136K [0x00000000f5580000, 0x00000000f9180000, 0x0000000100000000)
  eden space 27136K, 100% used [0x00000000f5580000,0x00000000f7000000,0x00000000f7000000)
  from space 11264K, 0% used [0x00000000f7000000,0x00000000f7000000,0x00000000f7b00000)
  to   space 14848K, 0% used [0x00000000f8300000,0x00000000f8300000,0x00000000f9180000)
 ParOldGen       total 349696K, used 349696K [0x00000000e0000000, 0x00000000f5580000, 0x00000000f5580000)
  object space 349696K, 100% used [0x00000000e0000000,0x00000000f5580000,0x00000000f5580000)
 Metaspace       used 60779K, committed 61888K, reserved 1105920K
  class space    used 5956K, committed 6400K, reserved 1048576K
}
Event: 392.894 GC heap after
{Heap after GC invocations=387 (full 275):
 PSYoungGen      total 41984K, used 27135K [0x00000000f5580000, 0x00000000f9180000, 0x0000000100000000)
  eden space 27136K, 99% used [0x00000000f5580000,0x00000000f6ffffe8,0x00000000f7000000)
  from space 14848K, 0% used [0x00000000f8300000,0x00000000f8300000,0x00000000f9180000)
  to   space 11264K, 0% used [0x00000000f7000000,0x00000000f7000000,0x00000000f7b00000)
 ParOldGen       total 349696K, used 349696K [0x00000000e0000000, 0x00000000f5580000, 0x00000000f5580000)
  object space 349696K, 100% used [0x00000000e0000000,0x00000000f5580000,0x00000000f5580000)
 Metaspace       used 60779K, committed 61888K, reserved 1105920K
  class space    used 5956K, committed 6400K, reserved 1048576K
}
Event: 392.894 GC heap before
{Heap before GC invocations=388 (full 276):
 PSYoungGen      total 41984K, used 27136K [0x00000000f5580000, 0x00000000f9180000, 0x0000000100000000)
  eden space 27136K, 100% used [0x00000000f5580000,0x00000000f7000000,0x00000000f7000000)
  from space 14848K, 0% used [0x00000000f8300000,0x00000000f8300000,0x00000000f9180000)
  to   space 11264K, 0% used [0x00000000f7000000,0x00000000f7000000,0x00000000f7b00000)
 ParOldGen       total 349696K, used 349696K [0x00000000e0000000, 0x00000000f5580000, 0x00000000f5580000)
  object space 349696K, 100% used [0x00000000e0000000,0x00000000f5580000,0x00000000f5580000)
 Metaspace       used 60779K, committed 61888K, reserved 1105920K
  class space    used 5956K, committed 6400K, reserved 1048576K
}
Event: 394.096 GC heap after
{Heap after GC invocations=388 (full 276):
 PSYoungGen      total 38400K, used 27136K [0x00000000f5580000, 0x00000000f9180000, 0x0000000100000000)
  eden space 27136K, 100% used [0x00000000f5580000,0x00000000f7000000,0x00000000f7000000)
  from space 11264K, 0% used [0x00000000f7000000,0x00000000f7000000,0x00000000f7b00000)
  to   space 14848K, 0% used [0x00000000f8300000,0x00000000f8300000,0x00000000f9180000)
 ParOldGen       total 349696K, used 349696K [0x00000000e0000000, 0x00000000f5580000, 0x00000000f5580000)
  object space 349696K, 100% used [0x00000000e0000000,0x00000000f5580000,0x00000000f5580000)
 Metaspace       used 60779K, committed 61888K, reserved 1105920K
  class space    used 5956K, committed 6400K, reserved 1048576K
}
Event: 394.096 GC heap before
{Heap before GC invocations=389 (full 277):
 PSYoungGen      total 38400K, used 27136K [0x00000000f5580000, 0x00000000f9180000, 0x0000000100000000)
  eden space 27136K, 100% used [0x00000000f5580000,0x00000000f7000000,0x00000000f7000000)
  from space 11264K, 0% used [0x00000000f7000000,0x00000000f7000000,0x00000000f7b00000)
  to   space 14848K, 0% used [0x00000000f8300000,0x00000000f8300000,0x00000000f9180000)
 ParOldGen       total 349696K, used 349696K [0x00000000e0000000, 0x00000000f5580000, 0x00000000f5580000)
  object space 349696K, 100% used [0x00000000e0000000,0x00000000f5580000,0x00000000f5580000)
 Metaspace       used 60779K, committed 61888K, reserved 1105920K
  class space    used 5956K, committed 6400K, reserved 1048576K
}
Event: 395.298 GC heap after
{Heap after GC invocations=389 (full 277):
 PSYoungGen      total 41984K, used 27136K [0x00000000f5580000, 0x00000000f9180000, 0x0000000100000000)
  eden space 27136K, 100% used [0x00000000f5580000,0x00000000f7000000,0x00000000f7000000)
  from space 14848K, 0% used [0x00000000f8300000,0x00000000f8300000,0x00000000f9180000)
  to   space 11264K, 0% used [0x00000000f7000000,0x00000000f7000000,0x00000000f7b00000)
 ParOldGen       total 349696K, used 349696K [0x00000000e0000000, 0x00000000f5580000, 0x00000000f5580000)
  object space 349696K, 100% used [0x00000000e0000000,0x00000000f5580000,0x00000000f5580000)
 Metaspace       used 60779K, committed 61888K, reserved 1105920K
  class space    used 5956K, committed 6400K, reserved 1048576K
}

